<?xml version="1.0" encoding="UTF-8"?>
<!-- Generated by org.testng.reporters.JUnitReportReporter -->
<testsuite skipped="0" hostname="DESKTOP-B6FM7AQ" name="testcases.SearchFareAndPrint" tests="1" failures="0" timestamp="16 Nov 2018 13:02:44 GMT" time="55.485" errors="0">
  <testcase name="EnterDetails" time="55.485" classname="testcases.SearchFareAndPrint"/>
</testsuite> <!-- testcases.SearchFareAndPrint -->
