<?xml version="1.0" encoding="UTF-8"?>
<!-- Generated by org.testng.reporters.JUnitReportReporter -->
<testsuite skipped="0" hostname="gtz-proj-the-01" name="pages.SelectDateMakeMytrip" tests="1" failures="0" timestamp="15 Nov 2018 03:06:41 GMT" time="10.212" errors="0">
  <testcase name="selectdate" time="10.212" classname="pages.SelectDateMakeMytrip"/>
</testsuite> <!-- pages.SelectDateMakeMytrip -->
